<?xml version="1.0" encoding="UTF-8"?>
<!-- Generated by org.testng.reporters.JUnitXMLReporter -->
<testsuite ignored="0" hostname="PiyushAgarwal" failures="1" tests="1" name="Test" time="10.6" errors="0" timestamp="2024-09-26T21:51:48 IST">
  <testcase classname="com.bonmoja.tests.LoginTest" name="Logintest" time="0.0">
    <failure type="org.testng.TestNGException" message="
Cannot inject @Test annotated Method [Logintest] with [class java.lang.String, class java.lang.String].
For more information on native dependency injection please refer to https://testng.org/#_dependency_injection">
      <![CDATA[org.testng.TestNGException: 
Cannot inject @Test annotated Method [Logintest] with [class java.lang.String, class java.lang.String].
For more information on native dependency injection please refer to https://testng.org/#_dependency_injection
at java.base/java.util.ArrayList.forEach(ArrayList.java:1511)
... Removed 26 stack frames]]>
    </failure>
  </testcase> <!-- Logintest -->
</testsuite> <!-- Test -->
