<?xml version="1.0" encoding="UTF-8"?>
<!-- Generated by org.testng.reporters.JUnitXMLReporter -->
<testsuite ignored="0" hostname="PiyushAgarwal" failures="0" tests="3" name="Place Bet Tests" time="85.42" errors="0" timestamp="2024-09-30T15:45:57 IST">
  <testcase classname="com.bonmoja.tests.LoginPageTest" name="LoginTest" time="0.93"/>
  <testcase classname="com.bonmoja.tests.SportsPageTest" name="placePositiveBet" time="40.084"/>
  <testcase classname="com.bonmoja.tests.SportsPageTest" name="placeNegativeBet" time="18.847"/>
</testsuite> <!-- Place Bet Tests -->
