<?xml version="1.0" encoding="UTF-8"?>
<testng-results ignored="0" total="3" passed="3" failed="0" skipped="0">
  <reporter-output>
  </reporter-output>
  <suite started-at="2024-09-30T15:44:31 IST" name="Bonmoja Tests" finished-at="2024-09-30T15:45:57 IST" duration-ms="85420">
    <groups>
    </groups>
    <test started-at="2024-09-30T15:44:31 IST" name="Place Bet Tests" finished-at="2024-09-30T15:45:57 IST" duration-ms="85420">
      <class name="com.bonmoja.tests.SportsPageTest">
        <test-method is-config="true" signature="setUp()[pri:0, instance:com.bonmoja.tests.SportsPageTest@367ffa75]" started-at="2024-09-30T15:44:43 IST" name="setUp" finished-at="2024-09-30T15:44:51 IST" duration-ms="8459" status="PASS">
          <reporter-output>
          </reporter-output>
        </test-method> <!-- setUp -->
        <test-method signature="placePositiveBet()[pri:1, instance:com.bonmoja.tests.SportsPageTest@367ffa75]" started-at="2024-09-30T15:44:51 IST" name="placePositiveBet" finished-at="2024-09-30T15:45:31 IST" duration-ms="40084" status="PASS">
          <reporter-output>
          </reporter-output>
        </test-method> <!-- placePositiveBet -->
        <test-method is-config="true" signature="tearDown()[pri:0, instance:com.bonmoja.tests.SportsPageTest@367ffa75]" started-at="2024-09-30T15:45:31 IST" name="tearDown" finished-at="2024-09-30T15:45:32 IST" duration-ms="385" status="PASS">
          <reporter-output>
          </reporter-output>
        </test-method> <!-- tearDown -->
        <test-method is-config="true" signature="setUp()[pri:0, instance:com.bonmoja.tests.SportsPageTest@367ffa75]" started-at="2024-09-30T15:45:32 IST" name="setUp" finished-at="2024-09-30T15:45:38 IST" duration-ms="5968" status="PASS">
          <reporter-output>
          </reporter-output>
        </test-method> <!-- setUp -->
        <test-method signature="placeNegativeBet()[pri:2, instance:com.bonmoja.tests.SportsPageTest@367ffa75]" started-at="2024-09-30T15:45:38 IST" name="placeNegativeBet" finished-at="2024-09-30T15:45:57 IST" duration-ms="18847" status="PASS">
          <reporter-output>
          </reporter-output>
        </test-method> <!-- placeNegativeBet -->
        <test-method is-config="true" signature="tearDown()[pri:0, instance:com.bonmoja.tests.SportsPageTest@367ffa75]" started-at="2024-09-30T15:45:57 IST" name="tearDown" finished-at="2024-09-30T15:45:57 IST" duration-ms="343" status="PASS">
          <reporter-output>
          </reporter-output>
        </test-method> <!-- tearDown -->
      </class> <!-- com.bonmoja.tests.SportsPageTest -->
      <class name="com.bonmoja.tests.LoginPageTest">
        <test-method is-config="true" signature="setUp()[pri:0, instance:com.bonmoja.tests.LoginPageTest@7586beff]" started-at="2024-09-30T15:44:31 IST" name="setUp" finished-at="2024-09-30T15:44:41 IST" duration-ms="9957" status="PASS">
          <reporter-output>
          </reporter-output>
        </test-method> <!-- setUp -->
        <test-method signature="LoginTest()[pri:0, instance:com.bonmoja.tests.LoginPageTest@7586beff]" started-at="2024-09-30T15:44:41 IST" name="LoginTest" finished-at="2024-09-30T15:44:42 IST" duration-ms="930" status="PASS">
          <reporter-output>
          </reporter-output>
        </test-method> <!-- LoginTest -->
        <test-method is-config="true" signature="tearDown()[pri:0, instance:com.bonmoja.tests.LoginPageTest@7586beff]" started-at="2024-09-30T15:44:42 IST" name="tearDown" finished-at="2024-09-30T15:44:43 IST" duration-ms="373" status="PASS">
          <reporter-output>
          </reporter-output>
        </test-method> <!-- tearDown -->
      </class> <!-- com.bonmoja.tests.LoginPageTest -->
    </test> <!-- Place Bet Tests -->
  </suite> <!-- Bonmoja Tests -->
</testng-results>
